{
  "stats": {
    "suites": 0,
    "tests": 1,
    "passes": 0,
    "pending": 0,
    "failures": 1,
    "start": "2021-09-08T19:08:34.504Z",
    "end": "2021-09-08T19:08:36.104Z",
    "duration": 1600,
    "testsRegistered": 1,
    "passPercent": 0,
    "pendingPercent": 0,
    "other": 0,
    "hasOther": false,
    "skipped": 0,
    "hasSkipped": false
  },
  "results": [
    {
      "uuid": "c73718fd-bd47-4c65-ab81-7f8d6eb5aae7",
      "title": "",
      "fullFile": "cypress/integration/services/rest.spec.js",
      "file": "cypress/integration/services/rest.spec.js",
      "beforeHooks": [],
      "afterHooks": [],
      "tests": [
        {
          "title": "Deve realizar um GET simples",
          "fullTitle": "Deve realizar um GET simples",
          "timedOut": null,
          "duration": 1470,
          "state": "failed",
          "speed": null,
          "pass": false,
          "fail": true,
          "pending": false,
          "context": null,
          "code": "cy.request({\n  method: 'GET',\n  url: 'http://dummy.restapiexample.com/api/v1/employees'\n}).then(res => {\n  expect(res.status).to.be.equal(200);\n  expect(res.body.data).is.not.empty;\n  expect(res.body.data[0]).to.have.property('id');\n  expect(res.body.data[0]).to.have.property('employee_name');\n  expect(res.body.data[0]).to.have.property('employee_salary');\n  expect(res.body.data[0]).to.have.property('employee_age');\n  expect(res.body.data[0]).to.have.property('profile_image');\n  /*console.log(res)*/\n});",
          "err": {
            "message": "CypressError: `cy.request()` failed on:\n\nhttp://dummy.restapiexample.com/api/v1/employees\n\nThe response we received from your web server was:\n\n  > 429: Too Many Requests\n\nThis was considered a failure because the status code was not `2xx` or `3xx`.\n\nIf you do not want status codes to cause failures pass the option: `failOnStatusCode: false`\n\n-----------------------------------------------------------\n\nThe request we sent was:\n\nMethod: GET\nURL: http://dummy.restapiexample.com/api/v1/employees\nHeaders: {\n  \"Connection\": \"keep-alive\",\n  \"user-agent\": \"Mozilla/5.0 (Windows NT 10.0; Win64; x64) AppleWebKit/537.36 (KHTML, like Gecko) Cypress/8.3.1 Chrome/91.0.4472.164 Electron/13.2.0 Safari/537.36\",\n  \"accept\": \"*/*\",\n  \"accept-encoding\": \"gzip, deflate\"\n}\n\n-----------------------------------------------------------\n\nThe response we got was:\n\nStatus: 429 - Too Many Requests\nHeaders: {\n  \"date\": \"Wed, 08 Sep 2021 19:08:35 GMT\",\n  \"content-type\": \"text/html; charset=UTF-8\",\n  \"transfer-encoding\": \"chunked\",\n  \"connection\": \"keep-alive\",\n  \"display\": \"staticcontent_sol\",\n  \"expires\": \"Tue, 07 Sep 2021 19:08:35 GMT\",\n  \"host-header\": \"c2hhcmVkLmJsdWVob3N0LmNvbQ==\",\n  \"pagespeed\": \"off\",\n  \"referrer-policy\": \"\",\n  \"response\": \"429\",\n  \"retry-after\": \"57\",\n  \"vary\": \"Accept-Encoding, Accept-Encoding,User-Agent,Origin\",\n  \"x-ezoic-cdn\": \"Miss\",\n  \"x-middleton-display\": \"staticcontent_sol\",\n  \"x-middleton-response\": \"429\",\n  \"x-origin-cache-control\": \"no-cache, private\",\n  \"x-ratelimit-limit\": \"60\",\n  \"x-ratelimit-remaining\": \"57\",\n  \"x-ratelimit-reset\": \"1631128172\",\n  \"x-sol\": \"pub_site\",\n  \"cf-cache-status\": \"DYNAMIC\",\n  \"report-to\": \"{\\\"endpoints\\\":[{\\\"url\\\":\\\"https:\\\\/\\\\/a.nel.cloudflare.com\\\\/report\\\\/v3?s=O9oXm7vxZCN4FSqF0PslVAAeeRYcYAVvlVa%2FPk7sy5dJeE%2BE9CW3UtQrNyCYS3cgsu6VZmCSmtI6bvIy0x1HNYmq39TCIhww0wPtA8WqQCGy2%2F2Vu6XmUrx0K0ObIJ%2Fqk%2BCJO4XmCIajWos%3D\\\"}],\\\"group\\\":\\\"cf-nel\\\",\\\"max_age\\\":604800}\",\n  \"nel\": \"{\\\"success_fraction\\\":0,\\\"report_to\\\":\\\"cf-nel\\\",\\\"max_age\\\":604800}\",\n  \"server\": \"cloudflare\",\n  \"cf-ray\": \"68ba775c2de8f700-GRU\",\n  \"alt-svc\": \"h3=\\\":443\\\"; ma=86400, h3-29=\\\":443\\\"; ma=86400, h3-28=\\\":443\\\"; ma=86400, h3-27=\\\":443\\\"; ma=86400\"\n}\nBody: <!DOCTYPE html>\n<html lang=\"en\">\n    <head>\n        <meta charset=\"utf-8\">\n        <meta name=\"viewport\" content=\"width=device-width, initial-scale=1\">\n\n        <title>Too Many Requests</title>\n\n        <!-- Fonts -->\n        <link rel=\"dns-prefetch\" href=\"//fonts.gstatic.com\">\n        <link href=\"https://fonts.googleapis.com/css?family=Nunito\" rel=\"stylesheet\">\n\n        <!-- Styles -->\n        <style>\n  html, body {\n      background-color: #fff;\n      color: #636b6f;\n      font-family: 'Nunito', sans-serif;\n      font-weight: 100;\n      height: 100vh;\n      margin: 0;\n  }\n\n  .full-height {\n      height: 100vh;\n  }\n\n  .flex-center {\n      align-items: center;\n      display: flex;\n      justify-content: center;\n  }\n\n  .position-ref {\n      position: relative;\n  }\n\n  .code {\n      border-right: 2px solid;\n      font-size: 26px;\n      padding: 0 15px 0 15px;\n      text-align: center;\n  }\n\n  .message {\n      font-size: 18px;\n      text-align: center;\n  }\n        </style>\n    </head>\n    <body>\n        <div class=\"flex-center position-ref full-height\">\n  <div class=\"code\">\n      429            </div>\n\n  <div class=\"message\" style=\"padding: 10px;\">\n      Too Many Requests            </div>\n        </div>\n    </body>\n</html>\n\nhttps://on.cypress.io/request",
            "estack": "CypressError: `cy.request()` failed on:\n\nhttp://dummy.restapiexample.com/api/v1/employees\n\nThe response we received from your web server was:\n\n  > 429: Too Many Requests\n\nThis was considered a failure because the status code was not `2xx` or `3xx`.\n\nIf you do not want status codes to cause failures pass the option: `failOnStatusCode: false`\n\n-----------------------------------------------------------\n\nThe request we sent was:\n\nMethod: GET\nURL: http://dummy.restapiexample.com/api/v1/employees\nHeaders: {\n  \"Connection\": \"keep-alive\",\n  \"user-agent\": \"Mozilla/5.0 (Windows NT 10.0; Win64; x64) AppleWebKit/537.36 (KHTML, like Gecko) Cypress/8.3.1 Chrome/91.0.4472.164 Electron/13.2.0 Safari/537.36\",\n  \"accept\": \"*/*\",\n  \"accept-encoding\": \"gzip, deflate\"\n}\n\n-----------------------------------------------------------\n\nThe response we got was:\n\nStatus: 429 - Too Many Requests\nHeaders: {\n  \"date\": \"Wed, 08 Sep 2021 19:08:35 GMT\",\n  \"content-type\": \"text/html; charset=UTF-8\",\n  \"transfer-encoding\": \"chunked\",\n  \"connection\": \"keep-alive\",\n  \"display\": \"staticcontent_sol\",\n  \"expires\": \"Tue, 07 Sep 2021 19:08:35 GMT\",\n  \"host-header\": \"c2hhcmVkLmJsdWVob3N0LmNvbQ==\",\n  \"pagespeed\": \"off\",\n  \"referrer-policy\": \"\",\n  \"response\": \"429\",\n  \"retry-after\": \"57\",\n  \"vary\": \"Accept-Encoding, Accept-Encoding,User-Agent,Origin\",\n  \"x-ezoic-cdn\": \"Miss\",\n  \"x-middleton-display\": \"staticcontent_sol\",\n  \"x-middleton-response\": \"429\",\n  \"x-origin-cache-control\": \"no-cache, private\",\n  \"x-ratelimit-limit\": \"60\",\n  \"x-ratelimit-remaining\": \"57\",\n  \"x-ratelimit-reset\": \"1631128172\",\n  \"x-sol\": \"pub_site\",\n  \"cf-cache-status\": \"DYNAMIC\",\n  \"report-to\": \"{\\\"endpoints\\\":[{\\\"url\\\":\\\"https:\\\\/\\\\/a.nel.cloudflare.com\\\\/report\\\\/v3?s=O9oXm7vxZCN4FSqF0PslVAAeeRYcYAVvlVa%2FPk7sy5dJeE%2BE9CW3UtQrNyCYS3cgsu6VZmCSmtI6bvIy0x1HNYmq39TCIhww0wPtA8WqQCGy2%2F2Vu6XmUrx0K0ObIJ%2Fqk%2BCJO4XmCIajWos%3D\\\"}],\\\"group\\\":\\\"cf-nel\\\",\\\"max_age\\\":604800}\",\n  \"nel\": \"{\\\"success_fraction\\\":0,\\\"report_to\\\":\\\"cf-nel\\\",\\\"max_age\\\":604800}\",\n  \"server\": \"cloudflare\",\n  \"cf-ray\": \"68ba775c2de8f700-GRU\",\n  \"alt-svc\": \"h3=\\\":443\\\"; ma=86400, h3-29=\\\":443\\\"; ma=86400, h3-28=\\\":443\\\"; ma=86400, h3-27=\\\":443\\\"; ma=86400\"\n}\nBody: <!DOCTYPE html>\n<html lang=\"en\">\n    <head>\n        <meta charset=\"utf-8\">\n        <meta name=\"viewport\" content=\"width=device-width, initial-scale=1\">\n\n        <title>Too Many Requests</title>\n\n        <!-- Fonts -->\n        <link rel=\"dns-prefetch\" href=\"//fonts.gstatic.com\">\n        <link href=\"https://fonts.googleapis.com/css?family=Nunito\" rel=\"stylesheet\">\n\n        <!-- Styles -->\n        <style>\n  html, body {\n      background-color: #fff;\n      color: #636b6f;\n      font-family: 'Nunito', sans-serif;\n      font-weight: 100;\n      height: 100vh;\n      margin: 0;\n  }\n\n  .full-height {\n      height: 100vh;\n  }\n\n  .flex-center {\n      align-items: center;\n      display: flex;\n      justify-content: center;\n  }\n\n  .position-ref {\n      position: relative;\n  }\n\n  .code {\n      border-right: 2px solid;\n      font-size: 26px;\n      padding: 0 15px 0 15px;\n      text-align: center;\n  }\n\n  .message {\n      font-size: 18px;\n      text-align: center;\n  }\n        </style>\n    </head>\n    <body>\n        <div class=\"flex-center position-ref full-height\">\n  <div class=\"code\">\n      429            </div>\n\n  <div class=\"message\" style=\"padding: 10px;\">\n      Too Many Requests            </div>\n        </div>\n    </body>\n</html>\n\nhttps://on.cypress.io/request\n    at http://localhost:55244/__cypress/runner/cypress_runner.js:145283:21\n    at tryCatcher (http://localhost:55244/__cypress/runner/cypress_runner.js:13212:23)\n    at Promise._settlePromiseFromHandler (http://localhost:55244/__cypress/runner/cypress_runner.js:11147:31)\n    at Promise._settlePromise (http://localhost:55244/__cypress/runner/cypress_runner.js:11204:18)\n    at Promise._settlePromise0 (http://localhost:55244/__cypress/runner/cypress_runner.js:11249:10)\n    at Promise._settlePromises (http://localhost:55244/__cypress/runner/cypress_runner.js:11329:18)\n    at _drainQueueStep (http://localhost:55244/__cypress/runner/cypress_runner.js:7919:12)\n    at _drainQueue (http://localhost:55244/__cypress/runner/cypress_runner.js:7912:9)\n    at Async.../../node_modules/bluebird/js/release/async.js.Async._drainQueues (http://localhost:55244/__cypress/runner/cypress_runner.js:7928:5)\n    at Async.drainQueues (http://localhost:55244/__cypress/runner/cypress_runner.js:7798:14)\nFrom Your Spec Code:\n    at Context.eval (http://localhost:55244/__cypress/tests?p=cypress\\integration\\services\\rest.spec.js:101:6)",
            "diff": null
          },
          "uuid": "21702983-05ec-46a2-9a8e-559211b8574d",
          "parentUUID": "c73718fd-bd47-4c65-ab81-7f8d6eb5aae7",
          "isHook": false,
          "skipped": false
        }
      ],
      "suites": [],
      "passes": [],
      "failures": [
        "21702983-05ec-46a2-9a8e-559211b8574d"
      ],
      "pending": [],
      "skipped": [],
      "duration": 1470,
      "root": true,
      "rootEmpty": false,
      "_timeout": 2000
    }
  ],
  "meta": {
    "mocha": {
      "version": "7.0.1"
    },
    "mochawesome": {
      "options": {
        "quiet": false,
        "reportFilename": "mochawesome",
        "saveHtml": false,
        "saveJson": true,
        "consoleReporter": "spec",
        "useInlineDiffs": false,
        "code": true
      },
      "version": "6.2.2"
    },
    "marge": {
      "options": {
        "reportDir": "mochawesome-reportr/json",
        "overwrite": false,
        "html": false,
        "json": true
      },
      "version": "5.2.0"
    }
  }
}