{
  "stats": {
    "suites": 0,
    "tests": 1,
    "passes": 0,
    "pending": 0,
    "failures": 1,
    "start": "2021-09-13T14:18:03.435Z",
    "end": "2021-09-13T14:18:03.815Z",
    "duration": 380,
    "testsRegistered": 1,
    "passPercent": 0,
    "pendingPercent": 0,
    "other": 0,
    "hasOther": false,
    "skipped": 0,
    "hasSkipped": false
  },
  "results": [
    {
      "uuid": "637c5604-781e-4dfe-a753-62aff035ef49",
      "title": "",
      "fullFile": "cypress/integration/services/backend.spec.js",
      "file": "cypress/integration/services/backend.spec.js",
      "beforeHooks": [],
      "afterHooks": [],
      "tests": [
        {
          "title": "Deve cadastrar bebida",
          "fullTitle": "Deve cadastrar bebida",
          "timedOut": null,
          "duration": 304,
          "state": "failed",
          "speed": null,
          "pass": false,
          "fail": true,
          "pending": false,
          "context": null,
          "code": "cy.request({\n  url: 'http',\n  method: 'POST',\n  body: {\n    nome: \"\",\n    quantidade: 50,\n    valor: 20.00\n  }\n}).as('response');\ncy.get('@response').then(res => {\n  expect(res.status).to.be.equal(201);\n  expect(res.body).to.have.property('nome', '');\n  expect(res.body).to.have.property('', 0);\n  expect(res.body).to.have.property('', 0);\n});",
          "err": {
            "message": "CypressError: `cy.request()` must be provided a fully qualified `url` - one that begins with `http`. By default `cy.request()` will use either the current window's origin or the `baseUrl` in `C:\\Users\\Public\\ProjetoCypress\\AutomotionCypressBDD_API-PageObjects\\cypress.json`. Neither of those values were present.\n\nhttps://on.cypress.io/request",
            "estack": "CypressError: `cy.request()` must be provided a fully qualified `url` - one that begins with `http`. By default `cy.request()` will use either the current window's origin or the `baseUrl` in `C:\\Users\\Public\\ProjetoCypress\\AutomotionCypressBDD_API-PageObjects\\cypress.json`. Neither of those values were present.\n\nhttps://on.cypress.io/request\n    at Context.request (http://localhost:53209/__cypress/runner/cypress_runner.js:145087:19)\nFrom Your Spec Code:\n    at Context.eval (http://localhost:53209/__cypress/tests?p=cypress\\integration\\services\\backend.spec.js:101:6)",
            "diff": null
          },
          "uuid": "e869c8fc-c37d-4780-b169-02bc24884bf1",
          "parentUUID": "637c5604-781e-4dfe-a753-62aff035ef49",
          "isHook": false,
          "skipped": false
        }
      ],
      "suites": [],
      "passes": [],
      "failures": [
        "e869c8fc-c37d-4780-b169-02bc24884bf1"
      ],
      "pending": [],
      "skipped": [],
      "duration": 304,
      "root": true,
      "rootEmpty": false,
      "_timeout": 2000
    }
  ],
  "meta": {
    "mocha": {
      "version": "7.0.1"
    },
    "mochawesome": {
      "options": {
        "quiet": false,
        "reportFilename": "mochawesome",
        "saveHtml": false,
        "saveJson": true,
        "consoleReporter": "spec",
        "useInlineDiffs": false,
        "code": true
      },
      "version": "6.2.2"
    },
    "marge": {
      "options": {
        "reportDir": "mochawesome-reportr/json",
        "overwrite": false,
        "html": false,
        "json": true
      },
      "version": "5.2.0"
    }
  }
}