{
  "stats": {
    "suites": 0,
    "tests": 1,
    "passes": 1,
    "pending": 0,
    "failures": 0,
    "start": "2021-09-10T21:02:31.814Z",
    "end": "2021-09-10T21:02:33.199Z",
    "duration": 1385,
    "testsRegistered": 1,
    "passPercent": 100,
    "pendingPercent": 0,
    "other": 0,
    "hasOther": false,
    "skipped": 0,
    "hasSkipped": false
  },
  "results": [
    {
      "uuid": "8dedfe99-c806-4205-bd4e-4ed79a1d43f7",
      "title": "",
      "fullFile": "cypress/integration/services/rest.spec.js",
      "file": "cypress/integration/services/rest.spec.js",
      "beforeHooks": [],
      "afterHooks": [],
      "tests": [
        {
          "title": "Deve realizar um GET simples",
          "fullTitle": "Deve realizar um GET simples",
          "timedOut": null,
          "duration": 1296,
          "state": "passed",
          "speed": "slow",
          "pass": true,
          "fail": false,
          "pending": false,
          "context": null,
          "code": "cy.request({\n  method: 'GET',\n  url: 'http://dummy.restapiexample.com/api/v1/employees'\n}).then(res => {\n  expect(res.status).to.be.equal(200);\n  expect(res.body.data).is.not.empty;\n  expect(res.body.data[0]).to.have.property('id');\n  expect(res.body.data[0]).to.have.property('employee_name');\n  expect(res.body.data[0]).to.have.property('employee_salary');\n  expect(res.body.data[0]).to.have.property('employee_age');\n  expect(res.body.data[0]).to.have.property('profile_image');\n  /*console.log(res)*/\n});",
          "err": {},
          "uuid": "7064dc8d-9566-494a-83c0-44debc2de329",
          "parentUUID": "8dedfe99-c806-4205-bd4e-4ed79a1d43f7",
          "isHook": false,
          "skipped": false
        }
      ],
      "suites": [],
      "passes": [
        "7064dc8d-9566-494a-83c0-44debc2de329"
      ],
      "failures": [],
      "pending": [],
      "skipped": [],
      "duration": 1296,
      "root": true,
      "rootEmpty": false,
      "_timeout": 2000
    }
  ],
  "meta": {
    "mocha": {
      "version": "7.0.1"
    },
    "mochawesome": {
      "options": {
        "quiet": false,
        "reportFilename": "mochawesome",
        "saveHtml": false,
        "saveJson": true,
        "consoleReporter": "spec",
        "useInlineDiffs": false,
        "code": true
      },
      "version": "6.2.2"
    },
    "marge": {
      "options": {
        "reportDir": "mochawesome-reportr/json",
        "overwrite": false,
        "html": false,
        "json": true
      },
      "version": "5.2.0"
    }
  }
}