{
  "stats": {
    "suites": 3,
    "tests": 3,
    "passes": 0,
    "pending": 0,
    "failures": 3,
    "start": "2021-09-10T21:02:12.877Z",
    "end": "2021-09-10T21:02:16.353Z",
    "duration": 3476,
    "testsRegistered": 3,
    "passPercent": 0,
    "pendingPercent": 0,
    "other": 0,
    "hasOther": false,
    "skipped": 0,
    "hasSkipped": false
  },
  "results": [
    {
      "uuid": "f34bbbd3-7de4-4936-87b0-fd55578cc897",
      "title": "",
      "fullFile": "cypress/integration/services/api.spec.js",
      "file": "cypress/integration/services/api.spec.js",
      "beforeHooks": [],
      "afterHooks": [],
      "tests": [],
      "suites": [
        {
          "uuid": "1fe4b0ee-7a56-453d-852f-348f51893adb",
          "title": "GET usuarios",
          "fullFile": "",
          "file": "",
          "beforeHooks": [],
          "afterHooks": [],
          "tests": [
            {
              "title": "busca usuários corretamente",
              "fullTitle": "GET usuarios busca usuários corretamente",
              "timedOut": null,
              "duration": 1155,
              "state": "failed",
              "speed": null,
              "pass": false,
              "fail": true,
              "pending": false,
              "context": null,
              "code": "cy.request({\n  method: 'GET',\n  url: 'http://localhost:3000/usuarios'\n}).then(response => {\n  expect(response.status).to.equal(200);\n  expect(response.body.usuarios[0].nome).to.equal('Fulano da Silva');\n  expect(response.body.usuarios[0].email).to.equal('fulano@qa.com');\n});",
              "err": {
                "message": "CypressError: `cy.request()` failed trying to load:\n\nhttp://localhost:3000/usuarios\n\nWe attempted to make an http request to this URL but the request failed without a response.\n\nWe received this error at the network level:\n\n  > Error: connect ECONNREFUSED 127.0.0.1:3000\n\n-----------------------------------------------------------\n\nThe request we sent was:\n\nMethod: GET\nURL: http://localhost:3000/usuarios\n\n-----------------------------------------------------------\n\nCommon situations why this would fail:\n  - you don't have internet access\n  - you forgot to run / boot your web server\n  - your web server isn't accessible\n  - you have weird network configuration settings on your computer\n\nhttps://on.cypress.io/request",
                "estack": "CypressError: `cy.request()` failed trying to load:\n\nhttp://localhost:3000/usuarios\n\nWe attempted to make an http request to this URL but the request failed without a response.\n\nWe received this error at the network level:\n\n  > Error: connect ECONNREFUSED 127.0.0.1:3000\n\n-----------------------------------------------------------\n\nThe request we sent was:\n\nMethod: GET\nURL: http://localhost:3000/usuarios\n\n-----------------------------------------------------------\n\nCommon situations why this would fail:\n  - you don't have internet access\n  - you forgot to run / boot your web server\n  - your web server isn't accessible\n  - you have weird network configuration settings on your computer\n\nhttps://on.cypress.io/request\n    at http://localhost:58894/__cypress/runner/cypress_runner.js:145312:19\n    at tryCatcher (http://localhost:58894/__cypress/runner/cypress_runner.js:13212:23)\n    at http://localhost:58894/__cypress/runner/cypress_runner.js:8351:37\n    at tryCatcher (http://localhost:58894/__cypress/runner/cypress_runner.js:13212:23)\n    at Promise._settlePromiseFromHandler (http://localhost:58894/__cypress/runner/cypress_runner.js:11147:31)\n    at Promise._settlePromise (http://localhost:58894/__cypress/runner/cypress_runner.js:11204:18)\n    at Promise._settlePromise0 (http://localhost:58894/__cypress/runner/cypress_runner.js:11249:10)\n    at Promise._settlePromises (http://localhost:58894/__cypress/runner/cypress_runner.js:11325:18)\n    at _drainQueueStep (http://localhost:58894/__cypress/runner/cypress_runner.js:7919:12)\n    at _drainQueue (http://localhost:58894/__cypress/runner/cypress_runner.js:7912:9)\n    at Async.../../node_modules/bluebird/js/release/async.js.Async._drainQueues (http://localhost:58894/__cypress/runner/cypress_runner.js:7928:5)\n    at Async.drainQueues (http://localhost:58894/__cypress/runner/cypress_runner.js:7798:14)\nFrom Your Spec Code:\n    at Context.eval (http://localhost:58894/__cypress/tests?p=cypress\\integration\\services\\api.spec.js:102:8)\n\nFrom Node.js Internals:\n  RequestError: Error: connect ECONNREFUSED 127.0.0.1:3000\n      at new RequestError (C:\\Users\\david.fernandes\\AppData\\Local\\Cypress\\Cache\\8.3.1\\Cypress\\resources\\app\\packages\\server\\node_modules\\request-promise-core\\lib\\errors.js:14:15)\n      at Request.plumbing.callback (C:\\Users\\david.fernandes\\AppData\\Local\\Cypress\\Cache\\8.3.1\\Cypress\\resources\\app\\packages\\server\\node_modules\\request-promise-core\\lib\\plumbing.js:87:29)\n      at Request.RP$callback [as _callback] (C:\\Users\\david.fernandes\\AppData\\Local\\Cypress\\Cache\\8.3.1\\Cypress\\resources\\app\\packages\\server\\node_modules\\request-promise-core\\lib\\plumbing.js:46:31)\n      at self.callback (C:\\Users\\david.fernandes\\AppData\\Local\\Cypress\\Cache\\8.3.1\\Cypress\\resources\\app\\packages\\server\\node_modules\\@cypress\\request\\request.js:183:22)\n      at Request.emit (events.js:315:20)\n      at Request.onRequestError (C:\\Users\\david.fernandes\\AppData\\Local\\Cypress\\Cache\\8.3.1\\Cypress\\resources\\app\\packages\\server\\node_modules\\@cypress\\request\\request.js:869:8)\n      at ClientRequest.emit (events.js:327:22)\n      at Socket.socketErrorListener (_http_client.js:469:9)\n      at Socket.emit (events.js:315:20)\n      at emitErrorNT (internal/streams/destroy.js:106:8)\n      at emitErrorCloseNT (internal/streams/destroy.js:74:3)\n      at processTicksAndRejections (internal/process/task_queues.js:80:21)\n  ",
                "diff": null
              },
              "uuid": "6cc48b12-6a7d-40f2-84ca-c4eb0bcc32ee",
              "parentUUID": "1fe4b0ee-7a56-453d-852f-348f51893adb",
              "isHook": false,
              "skipped": false
            }
          ],
          "suites": [],
          "passes": [],
          "failures": [
            "6cc48b12-6a7d-40f2-84ca-c4eb0bcc32ee"
          ],
          "pending": [],
          "skipped": [],
          "duration": 1155,
          "root": false,
          "rootEmpty": false,
          "_timeout": 2000
        },
        {
          "uuid": "9ef62668-61b9-4ab5-9fb1-69ce918fc53f",
          "title": "GET produtos",
          "fullFile": "",
          "file": "",
          "beforeHooks": [],
          "afterHooks": [],
          "tests": [
            {
              "title": "busca produtos corretamente",
              "fullTitle": "GET produtos busca produtos corretamente",
              "timedOut": null,
              "duration": 983,
              "state": "failed",
              "speed": null,
              "pass": false,
              "fail": true,
              "pending": false,
              "context": null,
              "code": "const expectedResult = [{\n  nome: 'Logitech MX Vertical',\n  descricao: 'Mouse',\n  preco: 470,\n  quantidade: 382\n}, {\n  nome: 'Samsung 60 polegadas',\n  descricao: 'TV',\n  preco: 5240,\n  quantidade: 49977\n}];\ncy.request({\n  method: 'GET',\n  url: 'http://localhost:3000/produtos'\n}).then(response => {\n  expect(response.status).to.equal(200);\n  response.body.produtos.forEach((produto, indice) => {\n    expect(produto.nome).to.equal(expectedResult[indice].nome);\n    expect(produto.descricao).to.equal(expectedResult[indice].descricao);\n    expect(produto.preco).to.equal(expectedResult[indice].preco);\n    expect(produto.quantidade).to.equal(expectedResult[indice].quantidade);\n  });\n});",
              "err": {
                "message": "CypressError: `cy.request()` failed trying to load:\n\nhttp://localhost:3000/produtos\n\nWe attempted to make an http request to this URL but the request failed without a response.\n\nWe received this error at the network level:\n\n  > Error: connect ECONNREFUSED 127.0.0.1:3000\n\n-----------------------------------------------------------\n\nThe request we sent was:\n\nMethod: GET\nURL: http://localhost:3000/produtos\n\n-----------------------------------------------------------\n\nCommon situations why this would fail:\n  - you don't have internet access\n  - you forgot to run / boot your web server\n  - your web server isn't accessible\n  - you have weird network configuration settings on your computer\n\nhttps://on.cypress.io/request",
                "estack": "CypressError: `cy.request()` failed trying to load:\n\nhttp://localhost:3000/produtos\n\nWe attempted to make an http request to this URL but the request failed without a response.\n\nWe received this error at the network level:\n\n  > Error: connect ECONNREFUSED 127.0.0.1:3000\n\n-----------------------------------------------------------\n\nThe request we sent was:\n\nMethod: GET\nURL: http://localhost:3000/produtos\n\n-----------------------------------------------------------\n\nCommon situations why this would fail:\n  - you don't have internet access\n  - you forgot to run / boot your web server\n  - your web server isn't accessible\n  - you have weird network configuration settings on your computer\n\nhttps://on.cypress.io/request\n    at http://localhost:58894/__cypress/runner/cypress_runner.js:145312:19\n    at tryCatcher (http://localhost:58894/__cypress/runner/cypress_runner.js:13212:23)\n    at http://localhost:58894/__cypress/runner/cypress_runner.js:8351:37\n    at tryCatcher (http://localhost:58894/__cypress/runner/cypress_runner.js:13212:23)\n    at Promise._settlePromiseFromHandler (http://localhost:58894/__cypress/runner/cypress_runner.js:11147:31)\n    at Promise._settlePromise (http://localhost:58894/__cypress/runner/cypress_runner.js:11204:18)\n    at Promise._settlePromise0 (http://localhost:58894/__cypress/runner/cypress_runner.js:11249:10)\n    at Promise._settlePromises (http://localhost:58894/__cypress/runner/cypress_runner.js:11325:18)\n    at _drainQueueStep (http://localhost:58894/__cypress/runner/cypress_runner.js:7919:12)\n    at _drainQueue (http://localhost:58894/__cypress/runner/cypress_runner.js:7912:9)\n    at Async.../../node_modules/bluebird/js/release/async.js.Async._drainQueues (http://localhost:58894/__cypress/runner/cypress_runner.js:7928:5)\n    at Async.drainQueues (http://localhost:58894/__cypress/runner/cypress_runner.js:7798:14)\nFrom Your Spec Code:\n    at Context.eval (http://localhost:58894/__cypress/tests?p=cypress\\integration\\services\\api.spec.js:125:8)\n\nFrom Node.js Internals:\n  RequestError: Error: connect ECONNREFUSED 127.0.0.1:3000\n      at new RequestError (C:\\Users\\david.fernandes\\AppData\\Local\\Cypress\\Cache\\8.3.1\\Cypress\\resources\\app\\packages\\server\\node_modules\\request-promise-core\\lib\\errors.js:14:15)\n      at Request.plumbing.callback (C:\\Users\\david.fernandes\\AppData\\Local\\Cypress\\Cache\\8.3.1\\Cypress\\resources\\app\\packages\\server\\node_modules\\request-promise-core\\lib\\plumbing.js:87:29)\n      at Request.RP$callback [as _callback] (C:\\Users\\david.fernandes\\AppData\\Local\\Cypress\\Cache\\8.3.1\\Cypress\\resources\\app\\packages\\server\\node_modules\\request-promise-core\\lib\\plumbing.js:46:31)\n      at self.callback (C:\\Users\\david.fernandes\\AppData\\Local\\Cypress\\Cache\\8.3.1\\Cypress\\resources\\app\\packages\\server\\node_modules\\@cypress\\request\\request.js:183:22)\n      at Request.emit (events.js:315:20)\n      at Request.onRequestError (C:\\Users\\david.fernandes\\AppData\\Local\\Cypress\\Cache\\8.3.1\\Cypress\\resources\\app\\packages\\server\\node_modules\\@cypress\\request\\request.js:869:8)\n      at ClientRequest.emit (events.js:327:22)\n      at Socket.socketErrorListener (_http_client.js:469:9)\n      at Socket.emit (events.js:315:20)\n      at emitErrorNT (internal/streams/destroy.js:106:8)\n      at emitErrorCloseNT (internal/streams/destroy.js:74:3)\n      at processTicksAndRejections (internal/process/task_queues.js:80:21)\n  ",
                "diff": null
              },
              "uuid": "19bcab9e-aa27-451a-9a82-92a8ee8042d8",
              "parentUUID": "9ef62668-61b9-4ab5-9fb1-69ce918fc53f",
              "isHook": false,
              "skipped": false
            }
          ],
          "suites": [],
          "passes": [],
          "failures": [
            "19bcab9e-aa27-451a-9a82-92a8ee8042d8"
          ],
          "pending": [],
          "skipped": [],
          "duration": 983,
          "root": false,
          "rootEmpty": false,
          "_timeout": 2000
        },
        {
          "uuid": "0f9469d3-2fb9-4eab-a75c-6ce4b68f384e",
          "title": "GET carrinhos",
          "fullFile": "",
          "file": "",
          "beforeHooks": [],
          "afterHooks": [],
          "tests": [
            {
              "title": "busca carrinhos por quantidade corretamente",
              "fullTitle": "GET carrinhos busca carrinhos por quantidade corretamente",
              "timedOut": null,
              "duration": 1069,
              "state": "failed",
              "speed": null,
              "pass": false,
              "fail": true,
              "pending": false,
              "context": null,
              "code": "cy.request({\n  method: 'GET',\n  url: 'http://localhost:3000/carrinhos?quantidadeTotal=3'\n}).then(response => {\n  expect(response.status).to.equal(200);\n  expect(response.body.carrinhos.length).to.equal(1);\n});",
              "err": {
                "message": "CypressError: `cy.request()` failed trying to load:\n\nhttp://localhost:3000/carrinhos?quantidadeTotal=3\n\nWe attempted to make an http request to this URL but the request failed without a response.\n\nWe received this error at the network level:\n\n  > Error: connect ECONNREFUSED 127.0.0.1:3000\n\n-----------------------------------------------------------\n\nThe request we sent was:\n\nMethod: GET\nURL: http://localhost:3000/carrinhos?quantidadeTotal=3\n\n-----------------------------------------------------------\n\nCommon situations why this would fail:\n  - you don't have internet access\n  - you forgot to run / boot your web server\n  - your web server isn't accessible\n  - you have weird network configuration settings on your computer\n\nhttps://on.cypress.io/request",
                "estack": "CypressError: `cy.request()` failed trying to load:\n\nhttp://localhost:3000/carrinhos?quantidadeTotal=3\n\nWe attempted to make an http request to this URL but the request failed without a response.\n\nWe received this error at the network level:\n\n  > Error: connect ECONNREFUSED 127.0.0.1:3000\n\n-----------------------------------------------------------\n\nThe request we sent was:\n\nMethod: GET\nURL: http://localhost:3000/carrinhos?quantidadeTotal=3\n\n-----------------------------------------------------------\n\nCommon situations why this would fail:\n  - you don't have internet access\n  - you forgot to run / boot your web server\n  - your web server isn't accessible\n  - you have weird network configuration settings on your computer\n\nhttps://on.cypress.io/request\n    at http://localhost:58894/__cypress/runner/cypress_runner.js:145312:19\n    at tryCatcher (http://localhost:58894/__cypress/runner/cypress_runner.js:13212:23)\n    at http://localhost:58894/__cypress/runner/cypress_runner.js:8351:37\n    at tryCatcher (http://localhost:58894/__cypress/runner/cypress_runner.js:13212:23)\n    at Promise._settlePromiseFromHandler (http://localhost:58894/__cypress/runner/cypress_runner.js:11147:31)\n    at Promise._settlePromise (http://localhost:58894/__cypress/runner/cypress_runner.js:11204:18)\n    at Promise._settlePromise0 (http://localhost:58894/__cypress/runner/cypress_runner.js:11249:10)\n    at Promise._settlePromises (http://localhost:58894/__cypress/runner/cypress_runner.js:11325:18)\n    at _drainQueueStep (http://localhost:58894/__cypress/runner/cypress_runner.js:7919:12)\n    at _drainQueue (http://localhost:58894/__cypress/runner/cypress_runner.js:7912:9)\n    at Async.../../node_modules/bluebird/js/release/async.js.Async._drainQueues (http://localhost:58894/__cypress/runner/cypress_runner.js:7928:5)\n    at Async.drainQueues (http://localhost:58894/__cypress/runner/cypress_runner.js:7798:14)\nFrom Your Spec Code:\n    at Context.eval (http://localhost:58894/__cypress/tests?p=cypress\\integration\\services\\api.spec.js:141:8)\n\nFrom Node.js Internals:\n  RequestError: Error: connect ECONNREFUSED 127.0.0.1:3000\n      at new RequestError (C:\\Users\\david.fernandes\\AppData\\Local\\Cypress\\Cache\\8.3.1\\Cypress\\resources\\app\\packages\\server\\node_modules\\request-promise-core\\lib\\errors.js:14:15)\n      at Request.plumbing.callback (C:\\Users\\david.fernandes\\AppData\\Local\\Cypress\\Cache\\8.3.1\\Cypress\\resources\\app\\packages\\server\\node_modules\\request-promise-core\\lib\\plumbing.js:87:29)\n      at Request.RP$callback [as _callback] (C:\\Users\\david.fernandes\\AppData\\Local\\Cypress\\Cache\\8.3.1\\Cypress\\resources\\app\\packages\\server\\node_modules\\request-promise-core\\lib\\plumbing.js:46:31)\n      at self.callback (C:\\Users\\david.fernandes\\AppData\\Local\\Cypress\\Cache\\8.3.1\\Cypress\\resources\\app\\packages\\server\\node_modules\\@cypress\\request\\request.js:183:22)\n      at Request.emit (events.js:315:20)\n      at Request.onRequestError (C:\\Users\\david.fernandes\\AppData\\Local\\Cypress\\Cache\\8.3.1\\Cypress\\resources\\app\\packages\\server\\node_modules\\@cypress\\request\\request.js:869:8)\n      at ClientRequest.emit (events.js:327:22)\n      at Socket.socketErrorListener (_http_client.js:469:9)\n      at Socket.emit (events.js:315:20)\n      at emitErrorNT (internal/streams/destroy.js:106:8)\n      at emitErrorCloseNT (internal/streams/destroy.js:74:3)\n      at processTicksAndRejections (internal/process/task_queues.js:80:21)\n  ",
                "diff": null
              },
              "uuid": "1e76c2d5-acb8-4ac2-9b33-54ac1d4896c5",
              "parentUUID": "0f9469d3-2fb9-4eab-a75c-6ce4b68f384e",
              "isHook": false,
              "skipped": false
            }
          ],
          "suites": [],
          "passes": [],
          "failures": [
            "1e76c2d5-acb8-4ac2-9b33-54ac1d4896c5"
          ],
          "pending": [],
          "skipped": [],
          "duration": 1069,
          "root": false,
          "rootEmpty": false,
          "_timeout": 2000
        }
      ],
      "passes": [],
      "failures": [],
      "pending": [],
      "skipped": [],
      "duration": 0,
      "root": true,
      "rootEmpty": true,
      "_timeout": 2000
    }
  ],
  "meta": {
    "mocha": {
      "version": "7.0.1"
    },
    "mochawesome": {
      "options": {
        "quiet": false,
        "reportFilename": "mochawesome",
        "saveHtml": false,
        "saveJson": true,
        "consoleReporter": "spec",
        "useInlineDiffs": false,
        "code": true
      },
      "version": "6.2.2"
    },
    "marge": {
      "options": {
        "reportDir": "mochawesome-reportr/json",
        "overwrite": false,
        "html": false,
        "json": true
      },
      "version": "5.2.0"
    }
  }
}