{
  "stats": {
    "suites": 1,
    "tests": 1,
    "passes": 1,
    "pending": 0,
    "failures": 0,
    "start": "2021-09-08T19:08:41.782Z",
    "end": "2021-09-08T19:08:50.640Z",
    "duration": 8858,
    "testsRegistered": 1,
    "passPercent": 100,
    "pendingPercent": 0,
    "other": 0,
    "hasOther": false,
    "skipped": 0,
    "hasSkipped": false
  },
  "results": [
    {
      "uuid": "64190f44-5dd8-44a1-916d-d5b7d69ea00e",
      "title": "",
      "fullFile": "cypress/integration/specs/Teste.spec.js",
      "file": "cypress/integration/specs/Teste.spec.js",
      "beforeHooks": [],
      "afterHooks": [],
      "tests": [],
      "suites": [
        {
          "uuid": "3a3fc75f-b29b-4693-9a79-dc989750ed9c",
          "title": "Acessar o Site",
          "fullFile": "",
          "file": "",
          "beforeHooks": [],
          "afterHooks": [],
          "tests": [
            {
              "title": "Acessar o site Salomao Zoppi",
              "fullTitle": "Acessar o Site Acessar o site Salomao Zoppi",
              "timedOut": null,
              "duration": 6164,
              "state": "passed",
              "speed": "slow",
              "pass": true,
              "fail": false,
              "pending": false,
              "context": null,
              "code": "cy.visit('https://salomaozoppi.com.br');\ncy.get('.exams-results').click();\ncy.get('title').contains(\"Resultados de Exames\"); //cy.get('[data-cy=name]').type('David Alexandre Fernandes');\n//cy.get('[data-cy=email]').type('david.fernandes@dasa.com.br');\n//cy.get('[data-cy=submit]').click();",
              "err": {},
              "uuid": "2847d38f-7ef8-4825-b92d-ec55d3655b23",
              "parentUUID": "3a3fc75f-b29b-4693-9a79-dc989750ed9c",
              "isHook": false,
              "skipped": false
            }
          ],
          "suites": [],
          "passes": [
            "2847d38f-7ef8-4825-b92d-ec55d3655b23"
          ],
          "failures": [],
          "pending": [],
          "skipped": [],
          "duration": 6164,
          "root": false,
          "rootEmpty": false,
          "_timeout": 2000
        }
      ],
      "passes": [],
      "failures": [],
      "pending": [],
      "skipped": [],
      "duration": 0,
      "root": true,
      "rootEmpty": true,
      "_timeout": 2000
    }
  ],
  "meta": {
    "mocha": {
      "version": "7.0.1"
    },
    "mochawesome": {
      "options": {
        "quiet": false,
        "reportFilename": "mochawesome",
        "saveHtml": false,
        "saveJson": true,
        "consoleReporter": "spec",
        "useInlineDiffs": false,
        "code": true
      },
      "version": "6.2.2"
    },
    "marge": {
      "options": {
        "reportDir": "mochawesome-reportr/json",
        "overwrite": false,
        "html": false,
        "json": true
      },
      "version": "5.2.0"
    }
  }
}