{
  "stats": {
    "suites": 0,
    "tests": 1,
    "passes": 1,
    "pending": 0,
    "failures": 0,
    "start": "2021-09-13T14:18:12.386Z",
    "end": "2021-09-13T14:18:13.977Z",
    "duration": 1591,
    "testsRegistered": 1,
    "passPercent": 100,
    "pendingPercent": 0,
    "other": 0,
    "hasOther": false,
    "skipped": 0,
    "hasSkipped": false
  },
  "results": [
    {
      "uuid": "fbd05beb-1ed5-4867-9320-0c72312d9aca",
      "title": "",
      "fullFile": "cypress/integration/services/rest.spec.js",
      "file": "cypress/integration/services/rest.spec.js",
      "beforeHooks": [],
      "afterHooks": [],
      "tests": [
        {
          "title": "Deve realizar um GET simples",
          "fullTitle": "Deve realizar um GET simples",
          "timedOut": null,
          "duration": 1535,
          "state": "passed",
          "speed": "slow",
          "pass": true,
          "fail": false,
          "pending": false,
          "context": null,
          "code": "cy.request({\n  method: 'GET',\n  url: 'http://dummy.restapiexample.com/api/v1/employees'\n}).then(res => {\n  expect(res.status).to.be.equal(200);\n  expect(res.body.data).is.not.empty;\n  expect(res.body.data[0]).to.have.property('id');\n  expect(res.body.data[0]).to.have.property('employee_name');\n  expect(res.body.data[0]).to.have.property('employee_salary');\n  expect(res.body.data[0]).to.have.property('employee_age');\n  expect(res.body.data[0]).to.have.property('profile_image');\n  /*console.log(res)*/\n});",
          "err": {},
          "uuid": "08e45e6a-34d6-4c25-b04a-7cb92de2cde0",
          "parentUUID": "fbd05beb-1ed5-4867-9320-0c72312d9aca",
          "isHook": false,
          "skipped": false
        }
      ],
      "suites": [],
      "passes": [
        "08e45e6a-34d6-4c25-b04a-7cb92de2cde0"
      ],
      "failures": [],
      "pending": [],
      "skipped": [],
      "duration": 1535,
      "root": true,
      "rootEmpty": false,
      "_timeout": 2000
    }
  ],
  "meta": {
    "mocha": {
      "version": "7.0.1"
    },
    "mochawesome": {
      "options": {
        "quiet": false,
        "reportFilename": "mochawesome",
        "saveHtml": false,
        "saveJson": true,
        "consoleReporter": "spec",
        "useInlineDiffs": false,
        "code": true
      },
      "version": "6.2.2"
    },
    "marge": {
      "options": {
        "reportDir": "mochawesome-reportr/json",
        "overwrite": false,
        "html": false,
        "json": true
      },
      "version": "5.2.0"
    }
  }
}