{
  "stats": {
    "suites": 1,
    "tests": 1,
    "passes": 0,
    "pending": 0,
    "failures": 1,
    "start": "2021-09-08T18:09:54.953Z",
    "end": "2021-09-08T18:10:00.927Z",
    "duration": 5974,
    "testsRegistered": 1,
    "passPercent": 0,
    "pendingPercent": 0,
    "other": 0,
    "hasOther": false,
    "skipped": 0,
    "hasSkipped": false
  },
  "results": [
    {
      "uuid": "e0987c37-4df4-436f-8cb8-fdbc60e210ad",
      "title": "",
      "fullFile": "cypress/integration/specs/Teste.spec.js",
      "file": "cypress/integration/specs/Teste.spec.js",
      "beforeHooks": [],
      "afterHooks": [],
      "tests": [],
      "suites": [
        {
          "uuid": "c89c79a1-74e3-4b96-a87d-882adeff78ca",
          "title": "Acessar o Site",
          "fullFile": "",
          "file": "",
          "beforeHooks": [],
          "afterHooks": [],
          "tests": [
            {
              "title": "Acessar o site Salomao Zoppi",
              "fullTitle": "Acessar o Site Acessar o site Salomao Zoppi",
              "timedOut": null,
              "duration": 5900,
              "state": "failed",
              "speed": null,
              "pass": false,
              "fail": true,
              "pending": false,
              "context": null,
              "code": "cy.visit('https://salomaozoppi.com.br');\ncy.get('.exams-results').click();\ncy.get('title').contains(\"Resultados de Exames\"); //cy.get('[data-cy=name]').type('David Alexandre Fernandes');\n//cy.get('[data-cy=email]').type('david.fernandes@dasa.com.br');\n//cy.get('[data-cy=submit]').click();",
              "err": {
                "message": "CypressError: `cy.visit()` failed trying to load:\n\nhttps://salomaozoppi.com.br/\n\nWe attempted to make an http request to this URL but the request failed without a response.\n\nWe received this error at the network level:\n\n  > Error: read ECONNRESET\n\nCommon situations why this would fail:\n  - you don't have internet access\n  - you forgot to run / boot your web server\n  - your web server isn't accessible\n  - you have weird network configuration settings on your computer",
                "estack": "CypressError: `cy.visit()` failed trying to load:\n\nhttps://salomaozoppi.com.br/\n\nWe attempted to make an http request to this URL but the request failed without a response.\n\nWe received this error at the network level:\n\n  > Error: read ECONNRESET\n\nCommon situations why this would fail:\n  - you don't have internet access\n  - you forgot to run / boot your web server\n  - your web server isn't accessible\n  - you have weird network configuration settings on your computer\n    at http://localhost:54665/__cypress/runner/cypress_runner.js:143973:23\n    at visitFailedByErr (http://localhost:54665/__cypress/runner/cypress_runner.js:143332:12)\n    at http://localhost:54665/__cypress/runner/cypress_runner.js:143972:11\n    at tryCatcher (http://localhost:54665/__cypress/runner/cypress_runner.js:13212:23)\n    at Promise._settlePromiseFromHandler (http://localhost:54665/__cypress/runner/cypress_runner.js:11147:31)\n    at Promise._settlePromise (http://localhost:54665/__cypress/runner/cypress_runner.js:11204:18)\n    at Promise._settlePromise0 (http://localhost:54665/__cypress/runner/cypress_runner.js:11249:10)\n    at Promise._settlePromises (http://localhost:54665/__cypress/runner/cypress_runner.js:11325:18)\n    at _drainQueueStep (http://localhost:54665/__cypress/runner/cypress_runner.js:7919:12)\n    at _drainQueue (http://localhost:54665/__cypress/runner/cypress_runner.js:7912:9)\n    at Async.../../node_modules/bluebird/js/release/async.js.Async._drainQueues (http://localhost:54665/__cypress/runner/cypress_runner.js:7928:5)\n    at Async.drainQueues (http://localhost:54665/__cypress/runner/cypress_runner.js:7798:14)\nFrom Your Spec Code:\n    at Context.eval (http://localhost:54665/__cypress/tests?p=cypress\\integration\\specs\\Teste.spec.js:101:8)\n\nFrom Node.js Internals:\n  Error: read ECONNRESET\n      at TLSWrap.onStreamRead (internal/stream_base_commons.js:209:20)\n  ",
                "diff": null
              },
              "uuid": "a2f4d7b0-bda8-49d2-a82f-23917c252f66",
              "parentUUID": "c89c79a1-74e3-4b96-a87d-882adeff78ca",
              "isHook": false,
              "skipped": false
            }
          ],
          "suites": [],
          "passes": [],
          "failures": [
            "a2f4d7b0-bda8-49d2-a82f-23917c252f66"
          ],
          "pending": [],
          "skipped": [],
          "duration": 5900,
          "root": false,
          "rootEmpty": false,
          "_timeout": 2000
        }
      ],
      "passes": [],
      "failures": [],
      "pending": [],
      "skipped": [],
      "duration": 0,
      "root": true,
      "rootEmpty": true,
      "_timeout": 2000
    }
  ],
  "meta": {
    "mocha": {
      "version": "7.0.1"
    },
    "mochawesome": {
      "options": {
        "quiet": false,
        "reportFilename": "mochawesome",
        "saveHtml": false,
        "saveJson": true,
        "consoleReporter": "spec",
        "useInlineDiffs": false,
        "code": true
      },
      "version": "6.2.2"
    },
    "marge": {
      "options": {
        "reportDir": "mochawesome-reportr/json",
        "overwrite": false,
        "html": false,
        "json": true
      },
      "version": "5.2.0"
    }
  }
}